<?xml version="1.0" encoding="UTF-8"?>
<testng-results skipped="0" failed="0" ignored="0" total="3" passed="3">
  <reporter-output>
  </reporter-output>
  <suite name="book-flight-module" duration-ms="45565" started-at="2022-04-08T17:08:29 IST" finished-at="2022-04-08T17:09:14 IST">
    <groups>
    </groups>
    <test name="book-flight" duration-ms="45565" started-at="2022-04-08T17:08:29 IST" finished-at="2022-04-08T17:09:14 IST">
      <class name="com.newtours.tests.BookFlightTest">
        <test-method status="PASS" signature="setUpDriver(java.lang.String, org.testng.ITestContext)[pri:0, instance:com.newtours.tests.BookFlightTest@1e965684]" name="setUpDriver" is-config="true" duration-ms="11146" started-at="2022-04-08T17:08:29 IST" finished-at="2022-04-08T17:08:40 IST">
          <params>
            <param index="0">
              <value>
                <![CDATA[local]]>
              </value>
            </param>
            <param index="1">
              <value>
                <![CDATA[org.testng.TestRunner@38bc8ab5]]>
              </value>
            </param>
          </params>
          <reporter-output>
          </reporter-output>
        </test-method> <!-- setUpDriver -->
        <test-method status="PASS" signature="registrationPage()[pri:0, instance:com.newtours.tests.BookFlightTest@1e965684]" name="registrationPage" duration-ms="15426" started-at="2022-04-08T17:08:40 IST" finished-at="2022-04-08T17:08:55 IST">
          <reporter-output>
          </reporter-output>
        </test-method> <!-- registrationPage -->
        <test-method status="PASS" signature="registrationConfirmationPage()[pri:0, instance:com.newtours.tests.BookFlightTest@1e965684]" name="registrationConfirmationPage" duration-ms="6674" started-at="2022-04-08T17:08:55 IST" depends-on-methods="com.newtours.tests.BookFlightTest.registrationPage" finished-at="2022-04-08T17:09:02 IST">
          <reporter-output>
          </reporter-output>
        </test-method> <!-- registrationConfirmationPage -->
        <test-method status="PASS" signature="flightDetailsPage()[pri:0, instance:com.newtours.tests.BookFlightTest@1e965684]" name="flightDetailsPage" duration-ms="11074" started-at="2022-04-08T17:09:02 IST" depends-on-methods="com.newtours.tests.BookFlightTest.registrationConfirmationPage" finished-at="2022-04-08T17:09:13 IST">
          <reporter-output>
          </reporter-output>
        </test-method> <!-- flightDetailsPage -->
        <test-method status="PASS" signature="quitBrowser()[pri:0, instance:com.newtours.tests.BookFlightTest@1e965684]" name="quitBrowser" is-config="true" duration-ms="1187" started-at="2022-04-08T17:09:13 IST" finished-at="2022-04-08T17:09:14 IST">
          <reporter-output>
          </reporter-output>
        </test-method> <!-- quitBrowser -->
      </class> <!-- com.newtours.tests.BookFlightTest -->
    </test> <!-- book-flight -->
  </suite> <!-- book-flight-module -->
</testng-results>
