<?xml version="1.0" encoding="UTF-8"?>
<!-- Generated by org.testng.reporters.JUnitXMLReporter -->
<testsuite hostname="WKWIN6219675" ignored="0" name="book-flight" tests="3" failures="0" timestamp="2022-04-08T17:09:14 IST" time="45.565" errors="0">
  <testcase name="registrationPage" time="15.426" classname="com.newtours.tests.BookFlightTest"/>
  <testcase name="registrationConfirmationPage" time="6.674" classname="com.newtours.tests.BookFlightTest"/>
  <testcase name="flightDetailsPage" time="11.074" classname="com.newtours.tests.BookFlightTest"/>
</testsuite> <!-- book-flight -->
